<?xml version="1.0" encoding="UTF-8"?>
<!-- Generated by org.testng.reporters.JUnitXMLReporter -->
<testsuite ignored="0" hostname="BINTERNS-QA45L" failures="0" tests="29" name="Default test" time="119.882" errors="0" timestamp="2023-05-04T18:58:31 IST">
  <testcase classname="dominos_testcase.Teenpatti_testcases" name="logovisi" time="0.38"/>
  <testcase classname="dominos_testcase.Teenpatti_testcases" name="logoclick" time="11.305"/>
  <testcase classname="dominos_testcase.Teenpatti_testcases" name="signinvisi" time="0.043"/>
  <testcase classname="dominos_testcase.Teenpatti_testcases" name="signclick" time="3.243"/>
  <testcase classname="dominos_testcase.Teenpatti_testcases" name="playasguestvisi" time="5.069"/>
  <testcase classname="dominos_testcase.Teenpatti_testcases" name="playasguestclicki" time="10.355"/>
  <testcase classname="dominos_testcase.Teenpatti_testcases" name="coinspopupreddembutton" time="8.062"/>
  <testcase classname="dominos_testcase.Teenpatti_testcases" name="coinspopupreddembuttoncli" time="4.325"/>
  <testcase classname="dominos_testcase.Teenpatti_testcases" name="SOLITAREBUTTON1" time="2.058"/>
  <testcase classname="dominos_testcase.Teenpatti_testcases" name="JACKSORBETTERBUTTON1" time="2.044"/>
  <testcase classname="dominos_testcase.Teenpatti_testcases" name="SLOTSBUTTON1" time="2.049"/>
  <testcase classname="dominos_testcase.Teenpatti_testcases" name="SOLITAREBUTTON2" time="10.632"/>
  <testcase classname="dominos_testcase.Teenpatti_testcases" name="SOLITAREBUTTONforward1" time="5.058"/>
  <testcase classname="dominos_testcase.Teenpatti_testcases" name="SOLITAREBUTTOforward" time="4.391"/>
  <testcase classname="dominos_testcase.Teenpatti_testcases" name="movesinfo" time="4.113"/>
  <testcase classname="dominos_testcase.Teenpatti_testcases" name="movesnumber" time="4.078"/>
  <testcase classname="dominos_testcase.Teenpatti_testcases" name="homemenuvisi" time="2.035"/>
  <testcase classname="dominos_testcase.Teenpatti_testcases" name="new_gamemenuvisi" time="2.045"/>
  <testcase classname="dominos_testcase.Teenpatti_testcases" name="scorevisi" time="2.049"/>
  <testcase classname="dominos_testcase.Teenpatti_testcases" name="scorenum" time="2.04"/>
  <testcase classname="dominos_testcase.Teenpatti_testcases" name="statsmenuvisi" time="2.052"/>
  <testcase classname="dominos_testcase.Teenpatti_testcases" name="undomenuvisi" time="2.071"/>
  <testcase classname="dominos_testcase.Teenpatti_testcases" name="homepagecli" time="6.792"/>
  <testcase classname="dominos_testcase.Teenpatti_testcases" name="pokervisi" time="2.065"/>
  <testcase classname="dominos_testcase.Teenpatti_testcases" name="pokerclick" time="13.225"/>
  <testcase classname="dominos_testcase.Teenpatti_testcases" name="GAME_PLAYES_VISI" time="2.066"/>
  <testcase classname="dominos_testcase.Teenpatti_testcases" name="totalbetsvisi" time="2.051"/>
  <testcase classname="dominos_testcase.Teenpatti_testcases" name="totalwonsvisi" time="2.049"/>
  <testcase classname="dominos_testcase.Teenpatti_testcases" name="wonsvisi" time="2.049"/>
</testsuite> <!-- Default test -->
